{"/Users/alan.soares/dev/prelude-js/src/Func.js":{"path":"/Users/alan.soares/dev/prelude-js/src/Func.js","s":{"1":1,"2":1,"3":241,"4":241,"5":66,"6":241,"7":0,"8":1,"9":24,"10":0,"11":24,"12":265,"13":208,"14":57,"15":241,"16":477,"17":241,"18":24,"19":1,"20":1,"21":2,"22":1,"23":1,"24":2,"25":1,"26":1,"27":0,"28":0,"29":0,"30":0,"31":0,"32":0,"33":0,"34":0,"35":0,"36":1,"37":1,"38":1,"39":1,"40":10,"41":10,"42":10,"43":10,"44":10,"45":1,"46":1,"47":3,"48":10,"49":26,"50":10,"51":1,"52":1,"53":1,"54":3,"55":1,"56":1,"57":2,"58":1,"59":3,"60":1,"61":1,"62":1,"63":1},"b":{"1":[241,0],"2":[208,57],"3":[10,4]},"f":{"1":241,"2":24,"3":265,"4":241,"5":2,"6":2,"7":0,"8":0,"9":0,"10":0,"11":0,"12":1,"13":10,"14":10,"15":3,"16":10,"17":1,"18":1,"19":3},"fnMap":{"1":{"name":"_toConsumableArray","line":9,"loc":{"start":{"line":9,"column":0},"end":{"line":9,"column":33}},"skip":true},"2":{"name":"curry","line":11,"loc":{"start":{"line":11,"column":12},"end":{"line":11,"column":31}}},"3":{"name":"c","line":16,"loc":{"start":{"line":16,"column":10},"end":{"line":16,"column":29}}},"4":{"name":"(anonymous_4)","line":20,"loc":{"start":{"line":20,"column":11},"end":{"line":20,"column":23}}},"5":{"name":"(anonymous_5)","line":33,"loc":{"start":{"line":33,"column":18},"end":{"line":33,"column":38}}},"6":{"name":"(anonymous_6)","line":39,"loc":{"start":{"line":39,"column":17},"end":{"line":39,"column":37}}},"7":{"name":"fix","line":45,"loc":{"start":{"line":45,"column":10},"end":{"line":45,"column":26}}},"8":{"name":"(anonymous_8)","line":46,"loc":{"start":{"line":46,"column":10},"end":{"line":46,"column":23}}},"9":{"name":"(anonymous_9)","line":47,"loc":{"start":{"line":47,"column":11},"end":{"line":47,"column":23}}},"10":{"name":"(anonymous_10)","line":54,"loc":{"start":{"line":54,"column":5},"end":{"line":54,"column":18}}},"11":{"name":"(anonymous_11)","line":55,"loc":{"start":{"line":55,"column":11},"end":{"line":55,"column":23}}},"12":{"name":"memoize","line":67,"loc":{"start":{"line":67,"column":14},"end":{"line":67,"column":35}}},"13":{"name":"(anonymous_13)","line":69,"loc":{"start":{"line":69,"column":9},"end":{"line":69,"column":21}}},"14":{"name":"(anonymous_14)","line":74,"loc":{"start":{"line":74,"column":23},"end":{"line":74,"column":38}}},"15":{"name":"negate","line":83,"loc":{"start":{"line":83,"column":13},"end":{"line":83,"column":33}}},"16":{"name":"(anonymous_16)","line":84,"loc":{"start":{"line":84,"column":9},"end":{"line":84,"column":21}}},"17":{"name":"compose","line":95,"loc":{"start":{"line":95,"column":14},"end":{"line":95,"column":33}}},"18":{"name":"(anonymous_18)","line":100,"loc":{"start":{"line":100,"column":9},"end":{"line":100,"column":21}}},"19":{"name":"(anonymous_19)","line":105,"loc":{"start":{"line":105,"column":27},"end":{"line":105,"column":47}}}},"statementMap":{"1":{"start":{"line":4,"column":0},"end":{"line":6,"column":3}},"2":{"start":{"line":9,"column":0},"end":{"line":9,"column":191},"skip":true},"3":{"start":{"line":9,"column":35},"end":{"line":9,"column":189},"skip":true},"4":{"start":{"line":9,"column":61},"end":{"line":9,"column":141},"skip":true},"5":{"start":{"line":9,"column":124},"end":{"line":9,"column":141},"skip":true},"6":{"start":{"line":9,"column":142},"end":{"line":9,"column":154},"skip":true},"7":{"start":{"line":9,"column":164},"end":{"line":9,"column":187},"skip":true},"8":{"start":{"line":11,"column":0},"end":{"line":29,"column":2}},"9":{"start":{"line":12,"column":2},"end":{"line":14,"column":3}},"10":{"start":{"line":13,"column":4},"end":{"line":13,"column":37}},"11":{"start":{"line":16,"column":2},"end":{"line":27,"column":4}},"12":{"start":{"line":17,"column":4},"end":{"line":19,"column":5}},"13":{"start":{"line":18,"column":6},"end":{"line":18,"column":41}},"14":{"start":{"line":20,"column":4},"end":{"line":26,"column":6}},"15":{"start":{"line":21,"column":6},"end":{"line":23,"column":7}},"16":{"start":{"line":22,"column":8},"end":{"line":22,"column":40}},"17":{"start":{"line":25,"column":6},"end":{"line":25,"column":61}},"18":{"start":{"line":28,"column":2},"end":{"line":28,"column":17}},"19":{"start":{"line":32,"column":0},"end":{"line":32,"column":22}},"20":{"start":{"line":33,"column":0},"end":{"line":35,"column":3}},"21":{"start":{"line":34,"column":2},"end":{"line":34,"column":30}},"22":{"start":{"line":38,"column":0},"end":{"line":38,"column":22}},"23":{"start":{"line":39,"column":0},"end":{"line":41,"column":3}},"24":{"start":{"line":40,"column":2},"end":{"line":40,"column":18}},"25":{"start":{"line":44,"column":0},"end":{"line":44,"column":20}},"26":{"start":{"line":45,"column":0},"end":{"line":63,"column":2}},"27":{"start":{"line":46,"column":2},"end":{"line":62,"column":5}},"28":{"start":{"line":47,"column":4},"end":{"line":53,"column":6}},"29":{"start":{"line":48,"column":6},"end":{"line":50,"column":7}},"30":{"start":{"line":49,"column":8},"end":{"line":49,"column":39}},"31":{"start":{"line":52,"column":6},"end":{"line":52,"column":39}},"32":{"start":{"line":55,"column":4},"end":{"line":61,"column":6}},"33":{"start":{"line":56,"column":6},"end":{"line":58,"column":7}},"34":{"start":{"line":57,"column":8},"end":{"line":57,"column":39}},"35":{"start":{"line":60,"column":6},"end":{"line":60,"column":39}},"36":{"start":{"line":66,"column":0},"end":{"line":66,"column":18}},"37":{"start":{"line":67,"column":0},"end":{"line":79,"column":2}},"38":{"start":{"line":68,"column":2},"end":{"line":68,"column":16}},"39":{"start":{"line":69,"column":2},"end":{"line":78,"column":4}},"40":{"start":{"line":70,"column":4},"end":{"line":72,"column":5}},"41":{"start":{"line":71,"column":6},"end":{"line":71,"column":37}},"42":{"start":{"line":74,"column":4},"end":{"line":76,"column":16}},"43":{"start":{"line":75,"column":6},"end":{"line":75,"column":30}},"44":{"start":{"line":77,"column":4},"end":{"line":77,"column":59}},"45":{"start":{"line":82,"column":0},"end":{"line":82,"column":26}},"46":{"start":{"line":83,"column":0},"end":{"line":91,"column":2}},"47":{"start":{"line":84,"column":2},"end":{"line":90,"column":4}},"48":{"start":{"line":85,"column":4},"end":{"line":87,"column":5}},"49":{"start":{"line":86,"column":6},"end":{"line":86,"column":37}},"50":{"start":{"line":89,"column":4},"end":{"line":89,"column":33}},"51":{"start":{"line":94,"column":0},"end":{"line":94,"column":24}},"52":{"start":{"line":95,"column":0},"end":{"line":109,"column":2}},"53":{"start":{"line":96,"column":2},"end":{"line":98,"column":3}},"54":{"start":{"line":97,"column":4},"end":{"line":97,"column":34}},"55":{"start":{"line":100,"column":2},"end":{"line":108,"column":4}},"56":{"start":{"line":101,"column":4},"end":{"line":103,"column":5}},"57":{"start":{"line":102,"column":6},"end":{"line":102,"column":37}},"58":{"start":{"line":105,"column":4},"end":{"line":107,"column":16}},"59":{"start":{"line":106,"column":6},"end":{"line":106,"column":41}},"60":{"start":{"line":113,"column":0},"end":{"line":113,"column":26}},"61":{"start":{"line":114,"column":0},"end":{"line":114,"column":22}},"62":{"start":{"line":116,"column":0},"end":{"line":116,"column":26}},"63":{"start":{"line":117,"column":0},"end":{"line":125,"column":2}}},"branchMap":{"1":{"line":9,"type":"if","locations":[{"start":{"line":9,"column":35},"end":{"line":9,"column":35},"skip":true},{"start":{"line":9,"column":35},"end":{"line":9,"column":35},"skip":true}]},"2":{"line":17,"type":"if","locations":[{"start":{"line":17,"column":4},"end":{"line":17,"column":4}},{"start":{"line":17,"column":4},"end":{"line":17,"column":4}}]},"3":{"line":77,"type":"binary-expr","locations":[{"start":{"line":77,"column":11},"end":{"line":77,"column":20}},{"start":{"line":77,"column":25},"end":{"line":77,"column":57}}]}}},"/Users/alan.soares/dev/prelude-js/src/General/index.js":{"path":"/Users/alan.soares/dev/prelude-js/src/General/index.js","s":{"1":1,"2":1,"3":4,"4":1,"5":1,"6":1,"7":1,"8":1,"9":1,"10":1,"11":1,"12":1,"13":1},"b":{"1":[4,0],"2":[4,4]},"f":{"1":4},"fnMap":{"1":{"name":"_interopRequireDefault","line":8,"loc":{"start":{"line":8,"column":0},"end":{"line":8,"column":37}},"skip":true}},"statementMap":{"1":{"start":{"line":3,"column":0},"end":{"line":5,"column":3}},"2":{"start":{"line":8,"column":0},"end":{"line":8,"column":97},"skip":true},"3":{"start":{"line":8,"column":39},"end":{"line":8,"column":95},"skip":true},"4":{"start":{"line":10,"column":0},"end":{"line":10,"column":26}},"5":{"start":{"line":12,"column":0},"end":{"line":12,"column":39}},"6":{"start":{"line":14,"column":0},"end":{"line":14,"column":34}},"7":{"start":{"line":16,"column":0},"end":{"line":16,"column":47}},"8":{"start":{"line":18,"column":0},"end":{"line":18,"column":34}},"9":{"start":{"line":20,"column":0},"end":{"line":20,"column":47}},"10":{"start":{"line":22,"column":0},"end":{"line":22,"column":40}},"11":{"start":{"line":24,"column":0},"end":{"line":24,"column":53}},"12":{"start":{"line":26,"column":0},"end":{"line":31,"column":2}},"13":{"start":{"line":32,"column":0},"end":{"line":32,"column":36}}},"branchMap":{"1":{"line":8,"type":"cond-expr","locations":[{"start":{"line":8,"column":70},"end":{"line":8,"column":73},"skip":true},{"start":{"line":8,"column":76},"end":{"line":8,"column":94},"skip":true}]},"2":{"line":8,"type":"binary-expr","locations":[{"start":{"line":8,"column":46},"end":{"line":8,"column":49},"skip":true},{"start":{"line":8,"column":53},"end":{"line":8,"column":67},"skip":true}]}}},"/Users/alan.soares/dev/prelude-js/src/General/id.js":{"path":"/Users/alan.soares/dev/prelude-js/src/General/id.js","s":{"1":1,"2":1,"3":34,"4":1,"5":1},"b":{},"f":{"1":34},"fnMap":{"1":{"name":"id","line":7,"loc":{"start":{"line":7,"column":9},"end":{"line":7,"column":24}}}},"statementMap":{"1":{"start":{"line":4,"column":0},"end":{"line":6,"column":3}},"2":{"start":{"line":7,"column":0},"end":{"line":9,"column":2}},"3":{"start":{"line":8,"column":2},"end":{"line":8,"column":11}},"4":{"start":{"line":11,"column":0},"end":{"line":11,"column":16}},"5":{"start":{"line":12,"column":0},"end":{"line":12,"column":24}}},"branchMap":{}},"/Users/alan.soares/dev/prelude-js/src/General/negate.js":{"path":"/Users/alan.soares/dev/prelude-js/src/General/negate.js","s":{"1":1,"2":1,"3":5,"4":1,"5":1},"b":{},"f":{"1":5},"fnMap":{"1":{"name":"negate","line":6,"loc":{"start":{"line":6,"column":13},"end":{"line":6,"column":32}}}},"statementMap":{"1":{"start":{"line":3,"column":0},"end":{"line":5,"column":3}},"2":{"start":{"line":6,"column":0},"end":{"line":8,"column":2}},"3":{"start":{"line":7,"column":2},"end":{"line":7,"column":12}},"4":{"start":{"line":10,"column":0},"end":{"line":10,"column":24}},"5":{"start":{"line":11,"column":0},"end":{"line":11,"column":28}}},"branchMap":{}},"/Users/alan.soares/dev/prelude-js/src/General/isType.js":{"path":"/Users/alan.soares/dev/prelude-js/src/General/isType.js","s":{"1":1,"2":1,"3":1,"4":26,"5":1,"6":1},"b":{},"f":{"1":26},"fnMap":{"1":{"name":"(anonymous_1)","line":10,"loc":{"start":{"line":10,"column":30},"end":{"line":10,"column":49}}}},"statementMap":{"1":{"start":{"line":3,"column":0},"end":{"line":5,"column":3}},"2":{"start":{"line":7,"column":0},"end":{"line":7,"column":31}},"3":{"start":{"line":10,"column":0},"end":{"line":12,"column":3}},"4":{"start":{"line":11,"column":2},"end":{"line":11,"column":71}},"5":{"start":{"line":14,"column":0},"end":{"line":14,"column":24}},"6":{"start":{"line":15,"column":0},"end":{"line":15,"column":28}}},"branchMap":{}},"/Users/alan.soares/dev/prelude-js/src/General/replicate.js":{"path":"/Users/alan.soares/dev/prelude-js/src/General/replicate.js","s":{"1":1,"2":1,"3":1,"4":1,"5":5,"6":9,"7":1,"8":1},"b":{},"f":{"1":5,"2":9},"fnMap":{"1":{"name":"(anonymous_1)","line":12,"loc":{"start":{"line":12,"column":33},"end":{"line":12,"column":49}}},"2":{"name":"(anonymous_2)","line":13,"loc":{"start":{"line":13,"column":33},"end":{"line":13,"column":45}}}},"statementMap":{"1":{"start":{"line":3,"column":0},"end":{"line":5,"column":3}},"2":{"start":{"line":7,"column":0},"end":{"line":7,"column":31}},"3":{"start":{"line":9,"column":0},"end":{"line":9,"column":31}},"4":{"start":{"line":12,"column":0},"end":{"line":16,"column":3}},"5":{"start":{"line":13,"column":2},"end":{"line":15,"column":5}},"6":{"start":{"line":14,"column":4},"end":{"line":14,"column":13}},"7":{"start":{"line":18,"column":0},"end":{"line":18,"column":30}},"8":{"start":{"line":19,"column":0},"end":{"line":19,"column":31}}},"branchMap":{}},"/Users/alan.soares/dev/prelude-js/src/List.js":{"path":"/Users/alan.soares/dev/prelude-js/src/List.js","s":{"1":1,"2":1,"3":2,"4":1,"5":105,"6":1,"7":1,"8":1,"9":1,"10":1,"11":1,"12":10,"13":10,"14":10,"15":10,"16":67,"17":10,"18":1,"19":1,"20":1,"21":1,"22":1,"23":17,"24":1,"25":1,"26":2,"27":1,"28":1,"29":1,"30":1,"31":1,"32":1,"33":1,"34":4,"35":1,"36":1,"37":1,"38":1,"39":1,"40":7,"41":1,"42":1,"43":1,"44":104,"45":104,"46":104,"47":104,"48":1,"49":1,"50":2,"51":1,"52":1,"53":1,"54":1,"55":1,"56":1,"57":1,"58":1,"59":1,"60":1,"61":1,"62":1,"63":1,"64":1,"65":1,"66":1,"67":2,"68":1,"69":1,"70":2,"71":1,"72":1,"73":4,"74":4,"75":29,"76":29,"77":18,"78":4,"79":1,"80":1,"81":3,"82":1,"83":1,"84":1,"85":1,"86":1,"87":1,"88":1,"89":1,"90":2,"91":9,"92":2,"93":1,"94":1,"95":1,"96":1,"97":1,"98":0,"99":0,"100":0,"101":0,"102":0,"103":0,"104":0,"105":1,"106":1,"107":0,"108":1,"109":1,"110":16,"111":1,"112":1,"113":15,"114":1,"115":1,"116":21,"117":1,"118":1,"119":4,"120":9,"121":4,"122":15,"123":40,"124":1,"125":1,"126":3,"127":8,"128":3,"129":8,"130":28,"131":1,"132":1,"133":2,"134":5,"135":2,"136":1,"137":1,"138":3,"139":12,"140":12,"141":12,"142":1,"143":1,"144":3,"145":12,"146":12,"147":12,"148":1,"149":1,"150":6,"151":1,"152":1,"153":7,"154":1,"155":1,"156":5,"157":1,"158":1,"159":1,"160":1,"161":1,"162":1,"163":1},"b":{"1":[2,0],"2":[2,2],"3":[105,0],"4":[8,2],"5":[10,2],"6":[10,0],"7":[10,0],"8":[5,2],"9":[80,24],"10":[16,64],"11":[0,1],"12":[18,11],"13":[10,11],"14":[6,6],"15":[6,6],"16":[6,6],"17":[7,5]},"f":{"1":2,"2":105,"3":10,"4":1,"5":17,"6":2,"7":1,"8":4,"9":1,"10":7,"11":104,"12":2,"13":1,"14":1,"15":1,"16":2,"17":2,"18":4,"19":29,"20":3,"21":1,"22":1,"23":2,"24":1,"25":0,"26":0,"27":16,"28":15,"29":21,"30":4,"31":15,"32":40,"33":3,"34":8,"35":28,"36":2,"37":3,"38":12,"39":3,"40":12,"41":6,"42":7,"43":5},"fnMap":{"1":{"name":"_interopRequireDefault","line":8,"loc":{"start":{"line":8,"column":0},"end":{"line":8,"column":37}},"skip":true},"2":{"name":"_toArray","line":12,"loc":{"start":{"line":12,"column":0},"end":{"line":12,"column":23}},"skip":true},"3":{"name":"range","line":25,"loc":{"start":{"line":25,"column":12},"end":{"line":25,"column":31}}},"4":{"name":"(anonymous_4)","line":38,"loc":{"start":{"line":38,"column":28},"end":{"line":38,"column":46}}},"5":{"name":"(anonymous_5)","line":44,"loc":{"start":{"line":44,"column":27},"end":{"line":44,"column":45}}},"6":{"name":"(anonymous_6)","line":50,"loc":{"start":{"line":50,"column":30},"end":{"line":50,"column":48}}},"7":{"name":"(anonymous_7)","line":60,"loc":{"start":{"line":60,"column":30},"end":{"line":60,"column":48}}},"8":{"name":"(anonymous_8)","line":66,"loc":{"start":{"line":66,"column":30},"end":{"line":66,"column":54}}},"9":{"name":"(anonymous_9)","line":72,"loc":{"start":{"line":72,"column":33},"end":{"line":72,"column":51}}},"10":{"name":"(anonymous_10)","line":75,"loc":{"start":{"line":75,"column":13},"end":{"line":75,"column":26}}},"11":{"name":"(anonymous_11)","line":83,"loc":{"start":{"line":83,"column":28},"end":{"line":83,"column":48}}},"12":{"name":"head","line":95,"loc":{"start":{"line":95,"column":11},"end":{"line":95,"column":29}}},"13":{"name":"tail","line":101,"loc":{"start":{"line":101,"column":11},"end":{"line":101,"column":32}}},"14":{"name":"last","line":117,"loc":{"start":{"line":117,"column":11},"end":{"line":117,"column":29}}},"15":{"name":"initial","line":123,"loc":{"start":{"line":123,"column":14},"end":{"line":123,"column":35}}},"16":{"name":"empty","line":129,"loc":{"start":{"line":129,"column":12},"end":{"line":129,"column":31}}},"17":{"name":"reverse","line":135,"loc":{"start":{"line":135,"column":14},"end":{"line":135,"column":35}}},"18":{"name":"(anonymous_18)","line":141,"loc":{"start":{"line":141,"column":32},"end":{"line":141,"column":49}}},"19":{"name":"(anonymous_19)","line":143,"loc":{"start":{"line":143,"column":20},"end":{"line":143,"column":33}}},"20":{"name":"unique","line":154,"loc":{"start":{"line":154,"column":13},"end":{"line":154,"column":33}}},"21":{"name":"(anonymous_21)","line":160,"loc":{"start":{"line":160,"column":29},"end":{"line":160,"column":53}}},"22":{"name":"(anonymous_22)","line":166,"loc":{"start":{"line":166,"column":30},"end":{"line":166,"column":48}}},"23":{"name":"(anonymous_23)","line":172,"loc":{"start":{"line":172,"column":29},"end":{"line":172,"column":53}}},"24":{"name":"(anonymous_24)","line":181,"loc":{"start":{"line":181,"column":30},"end":{"line":181,"column":48}}},"25":{"name":"(anonymous_25)","line":187,"loc":{"start":{"line":187,"column":31},"end":{"line":187,"column":48}}},"26":{"name":"(anonymous_26)","line":200,"loc":{"start":{"line":200,"column":33},"end":{"line":200,"column":64}}},"27":{"name":"concat","line":206,"loc":{"start":{"line":206,"column":13},"end":{"line":206,"column":34}}},"28":{"name":"(anonymous_28)","line":212,"loc":{"start":{"line":212,"column":33},"end":{"line":212,"column":51}}},"29":{"name":"(anonymous_29)","line":218,"loc":{"start":{"line":218,"column":24},"end":{"line":218,"column":38}}},"30":{"name":"difference","line":224,"loc":{"start":{"line":224,"column":17},"end":{"line":224,"column":41}}},"31":{"name":"(anonymous_31)","line":229,"loc":{"start":{"line":229,"column":19},"end":{"line":229,"column":32}}},"32":{"name":"(anonymous_32)","line":230,"loc":{"start":{"line":230,"column":26},"end":{"line":230,"column":39}}},"33":{"name":"intersection","line":238,"loc":{"start":{"line":238,"column":19},"end":{"line":238,"column":45}}},"34":{"name":"(anonymous_34)","line":243,"loc":{"start":{"line":243,"column":19},"end":{"line":243,"column":32}}},"35":{"name":"(anonymous_35)","line":244,"loc":{"start":{"line":244,"column":25},"end":{"line":244,"column":38}}},"36":{"name":"union","line":252,"loc":{"start":{"line":252,"column":12},"end":{"line":252,"column":31}}},"37":{"name":"(anonymous_37)","line":262,"loc":{"start":{"line":262,"column":31},"end":{"line":262,"column":49}}},"38":{"name":"(anonymous_38)","line":263,"loc":{"start":{"line":263,"column":19},"end":{"line":263,"column":38}}},"39":{"name":"(anonymous_39)","line":272,"loc":{"start":{"line":272,"column":31},"end":{"line":272,"column":49}}},"40":{"name":"(anonymous_40)","line":273,"loc":{"start":{"line":273,"column":19},"end":{"line":273,"column":38}}},"41":{"name":"(anonymous_41)","line":282,"loc":{"start":{"line":282,"column":17},"end":{"line":282,"column":36}}},"42":{"name":"(anonymous_42)","line":288,"loc":{"start":{"line":288,"column":16},"end":{"line":288,"column":35}}},"43":{"name":"(anonymous_43)","line":294,"loc":{"start":{"line":294,"column":27},"end":{"line":294,"column":45}}}},"statementMap":{"1":{"start":{"line":3,"column":0},"end":{"line":5,"column":3}},"2":{"start":{"line":8,"column":0},"end":{"line":8,"column":97},"skip":true},"3":{"start":{"line":8,"column":39},"end":{"line":8,"column":95},"skip":true},"4":{"start":{"line":12,"column":0},"end":{"line":12,"column":77},"skip":true},"5":{"start":{"line":12,"column":25},"end":{"line":12,"column":75},"skip":true},"6":{"start":{"line":14,"column":0},"end":{"line":14,"column":41}},"7":{"start":{"line":16,"column":0},"end":{"line":16,"column":53}},"8":{"start":{"line":18,"column":0},"end":{"line":18,"column":49}},"9":{"start":{"line":20,"column":0},"end":{"line":20,"column":61}},"10":{"start":{"line":22,"column":0},"end":{"line":22,"column":30}},"11":{"start":{"line":25,"column":0},"end":{"line":34,"column":2}},"12":{"start":{"line":26,"column":2},"end":{"line":26,"column":84}},"13":{"start":{"line":27,"column":2},"end":{"line":27,"column":84}},"14":{"start":{"line":29,"column":2},"end":{"line":29,"column":18}},"15":{"start":{"line":30,"column":2},"end":{"line":32,"column":3}},"16":{"start":{"line":31,"column":4},"end":{"line":31,"column":19}},"17":{"start":{"line":33,"column":2},"end":{"line":33,"column":16}},"18":{"start":{"line":37,"column":0},"end":{"line":37,"column":22}},"19":{"start":{"line":38,"column":0},"end":{"line":40,"column":3}},"20":{"start":{"line":39,"column":2},"end":{"line":39,"column":24}},"21":{"start":{"line":43,"column":0},"end":{"line":43,"column":20}},"22":{"start":{"line":44,"column":0},"end":{"line":46,"column":3}},"23":{"start":{"line":45,"column":2},"end":{"line":45,"column":20}},"24":{"start":{"line":49,"column":0},"end":{"line":49,"column":18}},"25":{"start":{"line":50,"column":0},"end":{"line":52,"column":3}},"26":{"start":{"line":51,"column":2},"end":{"line":51,"column":23}},"27":{"start":{"line":55,"column":0},"end":{"line":55,"column":24}},"28":{"start":{"line":56,"column":0},"end":{"line":56,"column":45}},"29":{"start":{"line":59,"column":0},"end":{"line":59,"column":26}},"30":{"start":{"line":60,"column":0},"end":{"line":62,"column":3}},"31":{"start":{"line":61,"column":2},"end":{"line":61,"column":42}},"32":{"start":{"line":65,"column":0},"end":{"line":65,"column":24}},"33":{"start":{"line":66,"column":0},"end":{"line":68,"column":3}},"34":{"start":{"line":67,"column":2},"end":{"line":67,"column":29}},"35":{"start":{"line":71,"column":0},"end":{"line":71,"column":24}},"36":{"start":{"line":72,"column":0},"end":{"line":79,"column":3}},"37":{"start":{"line":73,"column":2},"end":{"line":73,"column":18}},"38":{"start":{"line":74,"column":2},"end":{"line":74,"column":18}},"39":{"start":{"line":75,"column":2},"end":{"line":77,"column":5}},"40":{"start":{"line":76,"column":4},"end":{"line":76,"column":45}},"41":{"start":{"line":78,"column":2},"end":{"line":78,"column":26}},"42":{"start":{"line":82,"column":0},"end":{"line":82,"column":30}},"43":{"start":{"line":83,"column":0},"end":{"line":91,"column":3}},"44":{"start":{"line":84,"column":2},"end":{"line":84,"column":29}},"45":{"start":{"line":86,"column":2},"end":{"line":86,"column":19}},"46":{"start":{"line":88,"column":2},"end":{"line":88,"column":26}},"47":{"start":{"line":90,"column":2},"end":{"line":90,"column":50}},"48":{"start":{"line":94,"column":0},"end":{"line":94,"column":20}},"49":{"start":{"line":95,"column":0},"end":{"line":97,"column":2}},"50":{"start":{"line":96,"column":2},"end":{"line":96,"column":15}},"51":{"start":{"line":100,"column":0},"end":{"line":100,"column":20}},"52":{"start":{"line":101,"column":0},"end":{"line":109,"column":2}},"53":{"start":{"line":102,"column":2},"end":{"line":102,"column":31}},"54":{"start":{"line":104,"column":2},"end":{"line":104,"column":20}},"55":{"start":{"line":106,"column":2},"end":{"line":106,"column":27}},"56":{"start":{"line":108,"column":2},"end":{"line":108,"column":12}},"57":{"start":{"line":112,"column":0},"end":{"line":112,"column":20}},"58":{"start":{"line":113,"column":0},"end":{"line":113,"column":17}},"59":{"start":{"line":116,"column":0},"end":{"line":116,"column":22}},"60":{"start":{"line":117,"column":0},"end":{"line":119,"column":2}},"61":{"start":{"line":118,"column":2},"end":{"line":118,"column":25}},"62":{"start":{"line":122,"column":0},"end":{"line":122,"column":20}},"63":{"start":{"line":123,"column":0},"end":{"line":125,"column":2}},"64":{"start":{"line":124,"column":2},"end":{"line":124,"column":50}},"65":{"start":{"line":128,"column":0},"end":{"line":128,"column":26}},"66":{"start":{"line":129,"column":0},"end":{"line":131,"column":2}},"67":{"start":{"line":130,"column":2},"end":{"line":130,"column":20}},"68":{"start":{"line":134,"column":0},"end":{"line":134,"column":22}},"69":{"start":{"line":135,"column":0},"end":{"line":137,"column":2}},"70":{"start":{"line":136,"column":2},"end":{"line":136,"column":31}},"71":{"start":{"line":140,"column":0},"end":{"line":140,"column":26}},"72":{"start":{"line":141,"column":0},"end":{"line":150,"column":3}},"73":{"start":{"line":142,"column":2},"end":{"line":142,"column":16}},"74":{"start":{"line":143,"column":2},"end":{"line":148,"column":5}},"75":{"start":{"line":144,"column":4},"end":{"line":144,"column":23}},"76":{"start":{"line":145,"column":4},"end":{"line":147,"column":5}},"77":{"start":{"line":146,"column":6},"end":{"line":146,"column":20}},"78":{"start":{"line":149,"column":2},"end":{"line":149,"column":29}},"79":{"start":{"line":153,"column":0},"end":{"line":153,"column":28}},"80":{"start":{"line":154,"column":0},"end":{"line":156,"column":2}},"81":{"start":{"line":155,"column":2},"end":{"line":155,"column":46}},"82":{"start":{"line":159,"column":0},"end":{"line":159,"column":24}},"83":{"start":{"line":160,"column":0},"end":{"line":162,"column":3}},"84":{"start":{"line":161,"column":2},"end":{"line":161,"column":29}},"85":{"start":{"line":165,"column":0},"end":{"line":165,"column":22}},"86":{"start":{"line":166,"column":0},"end":{"line":168,"column":3}},"87":{"start":{"line":167,"column":2},"end":{"line":167,"column":26}},"88":{"start":{"line":171,"column":0},"end":{"line":171,"column":24}},"89":{"start":{"line":172,"column":0},"end":{"line":177,"column":3}},"90":{"start":{"line":173,"column":2},"end":{"line":175,"column":3}},"91":{"start":{"line":174,"column":4},"end":{"line":174,"column":27}},"92":{"start":{"line":176,"column":2},"end":{"line":176,"column":14}},"93":{"start":{"line":180,"column":0},"end":{"line":180,"column":22}},"94":{"start":{"line":181,"column":0},"end":{"line":183,"column":3}},"95":{"start":{"line":182,"column":2},"end":{"line":182,"column":26}},"96":{"start":{"line":186,"column":0},"end":{"line":186,"column":24}},"97":{"start":{"line":187,"column":0},"end":{"line":196,"column":3}},"98":{"start":{"line":188,"column":2},"end":{"line":188,"column":18}},"99":{"start":{"line":189,"column":2},"end":{"line":189,"column":12}},"100":{"start":{"line":190,"column":2},"end":{"line":190,"column":23}},"101":{"start":{"line":191,"column":2},"end":{"line":194,"column":3}},"102":{"start":{"line":192,"column":4},"end":{"line":192,"column":25}},"103":{"start":{"line":193,"column":4},"end":{"line":193,"column":16}},"104":{"start":{"line":195,"column":2},"end":{"line":195,"column":16}},"105":{"start":{"line":199,"column":0},"end":{"line":199,"column":26}},"106":{"start":{"line":200,"column":0},"end":{"line":202,"column":3}},"107":{"start":{"line":201,"column":2},"end":{"line":201,"column":40}},"108":{"start":{"line":205,"column":0},"end":{"line":205,"column":30}},"109":{"start":{"line":206,"column":0},"end":{"line":208,"column":2}},"110":{"start":{"line":207,"column":2},"end":{"line":207,"column":34}},"111":{"start":{"line":211,"column":0},"end":{"line":211,"column":24}},"112":{"start":{"line":212,"column":0},"end":{"line":214,"column":3}},"113":{"start":{"line":213,"column":2},"end":{"line":213,"column":29}},"114":{"start":{"line":217,"column":0},"end":{"line":217,"column":30}},"115":{"start":{"line":218,"column":0},"end":{"line":220,"column":3}},"116":{"start":{"line":219,"column":2},"end":{"line":219,"column":73}},"117":{"start":{"line":223,"column":0},"end":{"line":223,"column":26}},"118":{"start":{"line":224,"column":0},"end":{"line":234,"column":2}},"119":{"start":{"line":225,"column":2},"end":{"line":227,"column":3}},"120":{"start":{"line":226,"column":4},"end":{"line":226,"column":36}},"121":{"start":{"line":229,"column":2},"end":{"line":233,"column":5}},"122":{"start":{"line":230,"column":4},"end":{"line":232,"column":8}},"123":{"start":{"line":231,"column":6},"end":{"line":231,"column":21}},"124":{"start":{"line":237,"column":0},"end":{"line":237,"column":32}},"125":{"start":{"line":238,"column":0},"end":{"line":248,"column":2}},"126":{"start":{"line":239,"column":2},"end":{"line":241,"column":3}},"127":{"start":{"line":240,"column":4},"end":{"line":240,"column":38}},"128":{"start":{"line":243,"column":2},"end":{"line":247,"column":5}},"129":{"start":{"line":244,"column":4},"end":{"line":246,"column":8}},"130":{"start":{"line":245,"column":6},"end":{"line":245,"column":21}},"131":{"start":{"line":251,"column":0},"end":{"line":251,"column":36}},"132":{"start":{"line":252,"column":0},"end":{"line":258,"column":2}},"133":{"start":{"line":253,"column":2},"end":{"line":255,"column":3}},"134":{"start":{"line":254,"column":4},"end":{"line":254,"column":38}},"135":{"start":{"line":257,"column":2},"end":{"line":257,"column":41}},"136":{"start":{"line":261,"column":0},"end":{"line":261,"column":22}},"137":{"start":{"line":262,"column":0},"end":{"line":268,"column":3}},"138":{"start":{"line":263,"column":2},"end":{"line":267,"column":9}},"139":{"start":{"line":264,"column":4},"end":{"line":264,"column":20}},"140":{"start":{"line":265,"column":4},"end":{"line":265,"column":46}},"141":{"start":{"line":266,"column":4},"end":{"line":266,"column":16}},"142":{"start":{"line":271,"column":0},"end":{"line":271,"column":26}},"143":{"start":{"line":272,"column":0},"end":{"line":278,"column":3}},"144":{"start":{"line":273,"column":2},"end":{"line":277,"column":9}},"145":{"start":{"line":274,"column":4},"end":{"line":274,"column":20}},"146":{"start":{"line":275,"column":4},"end":{"line":275,"column":56}},"147":{"start":{"line":276,"column":4},"end":{"line":276,"column":16}},"148":{"start":{"line":281,"column":0},"end":{"line":281,"column":26}},"149":{"start":{"line":282,"column":0},"end":{"line":284,"column":9}},"150":{"start":{"line":283,"column":2},"end":{"line":283,"column":21}},"151":{"start":{"line":287,"column":0},"end":{"line":287,"column":18}},"152":{"start":{"line":288,"column":0},"end":{"line":290,"column":10}},"153":{"start":{"line":289,"column":2},"end":{"line":289,"column":21}},"154":{"start":{"line":293,"column":0},"end":{"line":293,"column":16}},"155":{"start":{"line":294,"column":0},"end":{"line":296,"column":3}},"156":{"start":{"line":295,"column":2},"end":{"line":295,"column":21}},"157":{"start":{"line":299,"column":0},"end":{"line":299,"column":18}},"158":{"start":{"line":300,"column":0},"end":{"line":300,"column":33}},"159":{"start":{"line":304,"column":0},"end":{"line":304,"column":18}},"160":{"start":{"line":305,"column":0},"end":{"line":305,"column":17}},"161":{"start":{"line":307,"column":0},"end":{"line":307,"column":20}},"162":{"start":{"line":308,"column":0},"end":{"line":308,"column":19}},"163":{"start":{"line":309,"column":0},"end":{"line":309,"column":22}}},"branchMap":{"1":{"line":8,"type":"cond-expr","locations":[{"start":{"line":8,"column":70},"end":{"line":8,"column":73},"skip":true},{"start":{"line":8,"column":76},"end":{"line":8,"column":94},"skip":true}]},"2":{"line":8,"type":"binary-expr","locations":[{"start":{"line":8,"column":46},"end":{"line":8,"column":49},"skip":true},{"start":{"line":8,"column":53},"end":{"line":8,"column":67},"skip":true}]},"3":{"line":12,"type":"cond-expr","locations":[{"start":{"line":12,"column":53},"end":{"line":12,"column":56},"skip":true},{"start":{"line":12,"column":59},"end":{"line":12,"column":74},"skip":true}]},"4":{"line":26,"type":"cond-expr","locations":[{"start":{"line":26,"column":67},"end":{"line":26,"column":68}},{"start":{"line":26,"column":71},"end":{"line":26,"column":83}}]},"5":{"line":26,"type":"binary-expr","locations":[{"start":{"line":26,"column":13},"end":{"line":26,"column":34}},{"start":{"line":26,"column":38},"end":{"line":26,"column":64}}]},"6":{"line":27,"type":"cond-expr","locations":[{"start":{"line":27,"column":67},"end":{"line":27,"column":68}},{"start":{"line":27,"column":71},"end":{"line":27,"column":83}}]},"7":{"line":27,"type":"binary-expr","locations":[{"start":{"line":27,"column":13},"end":{"line":27,"column":34}},{"start":{"line":27,"column":38},"end":{"line":27,"column":64}}]},"8":{"line":76,"type":"cond-expr","locations":[{"start":{"line":76,"column":20},"end":{"line":76,"column":26}},{"start":{"line":76,"column":29},"end":{"line":76,"column":35}}]},"9":{"line":90,"type":"cond-expr","locations":[{"start":{"line":90,"column":13},"end":{"line":90,"column":37}},{"start":{"line":90,"column":40},"end":{"line":90,"column":49}}]},"10":{"line":90,"type":"cond-expr","locations":[{"start":{"line":90,"column":21},"end":{"line":90,"column":22}},{"start":{"line":90,"column":25},"end":{"line":90,"column":37}}]},"11":{"line":124,"type":"cond-expr","locations":[{"start":{"line":124,"column":22},"end":{"line":124,"column":31}},{"start":{"line":124,"column":34},"end":{"line":124,"column":49}}]},"12":{"line":145,"type":"if","locations":[{"start":{"line":145,"column":4},"end":{"line":145,"column":4}},{"start":{"line":145,"column":4},"end":{"line":145,"column":4}}]},"13":{"line":219,"type":"cond-expr","locations":[{"start":{"line":219,"column":56},"end":{"line":219,"column":67}},{"start":{"line":219,"column":70},"end":{"line":219,"column":72}}]},"14":{"line":265,"type":"cond-expr","locations":[{"start":{"line":265,"column":28},"end":{"line":265,"column":41}},{"start":{"line":265,"column":44},"end":{"line":265,"column":45}}]},"15":{"line":275,"type":"cond-expr","locations":[{"start":{"line":275,"column":28},"end":{"line":275,"column":49}},{"start":{"line":275,"column":52},"end":{"line":275,"column":55}}]},"16":{"line":283,"type":"binary-expr","locations":[{"start":{"line":283,"column":9},"end":{"line":283,"column":13}},{"start":{"line":283,"column":17},"end":{"line":283,"column":20}}]},"17":{"line":289,"type":"binary-expr","locations":[{"start":{"line":289,"column":9},"end":{"line":289,"column":13}},{"start":{"line":289,"column":17},"end":{"line":289,"column":20}}]}}}}