TN:
SF:/Users/alan.soares/dev/prelude-js/src/Func.js
FN:9,_toConsumableArray
FN:11,curry
FN:16,c
FN:20,(anonymous_4)
FN:33,(anonymous_5)
FN:39,(anonymous_6)
FN:45,fix
FN:46,(anonymous_8)
FN:47,(anonymous_9)
FN:54,(anonymous_10)
FN:55,(anonymous_11)
FN:67,memoize
FN:69,(anonymous_13)
FN:74,(anonymous_14)
FN:83,negate
FN:84,(anonymous_16)
FN:95,compose
FN:100,(anonymous_18)
FN:105,(anonymous_19)
FNF:19
FNH:14
FNDA:241,_toConsumableArray
FNDA:24,curry
FNDA:265,c
FNDA:241,(anonymous_4)
FNDA:2,(anonymous_5)
FNDA:2,(anonymous_6)
FNDA:0,fix
FNDA:0,(anonymous_8)
FNDA:0,(anonymous_9)
FNDA:0,(anonymous_10)
FNDA:0,(anonymous_11)
FNDA:1,memoize
FNDA:10,(anonymous_13)
FNDA:10,(anonymous_14)
FNDA:3,negate
FNDA:10,(anonymous_16)
FNDA:1,compose
FNDA:1,(anonymous_18)
FNDA:3,(anonymous_19)
DA:4,1
DA:9,241
DA:11,1
DA:12,24
DA:13,0
DA:16,24
DA:17,265
DA:18,208
DA:20,57
DA:21,241
DA:22,477
DA:25,241
DA:28,24
DA:32,1
DA:33,1
DA:34,2
DA:38,1
DA:39,1
DA:40,2
DA:44,1
DA:45,1
DA:46,0
DA:47,0
DA:48,0
DA:49,0
DA:52,0
DA:55,0
DA:56,0
DA:57,0
DA:60,0
DA:66,1
DA:67,1
DA:68,1
DA:69,1
DA:70,10
DA:71,10
DA:74,10
DA:75,10
DA:77,10
DA:82,1
DA:83,1
DA:84,3
DA:85,10
DA:86,26
DA:89,10
DA:94,1
DA:95,1
DA:96,1
DA:97,3
DA:100,1
DA:101,1
DA:102,2
DA:105,1
DA:106,3
DA:113,1
DA:114,1
DA:116,1
DA:117,1
LF:58
LH:48
BRDA:9,1,0,241
BRDA:9,1,1,0
BRDA:17,2,0,208
BRDA:17,2,1,57
BRDA:77,3,0,10
BRDA:77,3,1,4
BRF:6
BRH:6
end_of_record
TN:
SF:/Users/alan.soares/dev/prelude-js/src/General/index.js
FN:8,_interopRequireDefault
FNF:1
FNH:1
FNDA:4,_interopRequireDefault
DA:3,1
DA:8,4
DA:10,1
DA:12,1
DA:14,1
DA:16,1
DA:18,1
DA:20,1
DA:22,1
DA:24,1
DA:26,1
DA:32,1
LF:12
LH:12
BRDA:8,1,0,4
BRDA:8,1,1,0
BRDA:8,2,0,4
BRDA:8,2,1,4
BRF:4
BRH:4
end_of_record
TN:
SF:/Users/alan.soares/dev/prelude-js/src/General/id.js
FN:7,id
FNF:1
FNH:1
FNDA:34,id
DA:4,1
DA:7,1
DA:8,34
DA:11,1
DA:12,1
LF:5
LH:5
BRF:0
BRH:0
end_of_record
TN:
SF:/Users/alan.soares/dev/prelude-js/src/General/negate.js
FN:6,negate
FNF:1
FNH:1
FNDA:5,negate
DA:3,1
DA:6,1
DA:7,5
DA:10,1
DA:11,1
LF:5
LH:5
BRF:0
BRH:0
end_of_record
TN:
SF:/Users/alan.soares/dev/prelude-js/src/General/isType.js
FN:10,(anonymous_1)
FNF:1
FNH:1
FNDA:26,(anonymous_1)
DA:3,1
DA:7,1
DA:10,1
DA:11,26
DA:14,1
DA:15,1
LF:6
LH:6
BRF:0
BRH:0
end_of_record
TN:
SF:/Users/alan.soares/dev/prelude-js/src/General/replicate.js
FN:12,(anonymous_1)
FN:13,(anonymous_2)
FNF:2
FNH:2
FNDA:5,(anonymous_1)
FNDA:9,(anonymous_2)
DA:3,1
DA:7,1
DA:9,1
DA:12,1
DA:13,5
DA:14,9
DA:18,1
DA:19,1
LF:8
LH:8
BRF:0
BRH:0
end_of_record
TN:
SF:/Users/alan.soares/dev/prelude-js/src/List.js
FN:8,_interopRequireDefault
FN:12,_toArray
FN:25,range
FN:38,(anonymous_4)
FN:44,(anonymous_5)
FN:50,(anonymous_6)
FN:60,(anonymous_7)
FN:66,(anonymous_8)
FN:72,(anonymous_9)
FN:75,(anonymous_10)
FN:83,(anonymous_11)
FN:95,head
FN:101,tail
FN:117,last
FN:123,initial
FN:129,empty
FN:135,reverse
FN:141,(anonymous_18)
FN:143,(anonymous_19)
FN:154,unique
FN:160,(anonymous_21)
FN:166,(anonymous_22)
FN:172,(anonymous_23)
FN:181,(anonymous_24)
FN:187,(anonymous_25)
FN:200,(anonymous_26)
FN:206,concat
FN:212,(anonymous_28)
FN:218,(anonymous_29)
FN:224,difference
FN:229,(anonymous_31)
FN:230,(anonymous_32)
FN:238,intersection
FN:243,(anonymous_34)
FN:244,(anonymous_35)
FN:252,union
FN:262,(anonymous_37)
FN:263,(anonymous_38)
FN:272,(anonymous_39)
FN:273,(anonymous_40)
FN:282,(anonymous_41)
FN:288,(anonymous_42)
FN:294,(anonymous_43)
FNF:43
FNH:41
FNDA:2,_interopRequireDefault
FNDA:105,_toArray
FNDA:10,range
FNDA:1,(anonymous_4)
FNDA:17,(anonymous_5)
FNDA:2,(anonymous_6)
FNDA:1,(anonymous_7)
FNDA:4,(anonymous_8)
FNDA:1,(anonymous_9)
FNDA:7,(anonymous_10)
FNDA:104,(anonymous_11)
FNDA:2,head
FNDA:1,tail
FNDA:1,last
FNDA:1,initial
FNDA:2,empty
FNDA:2,reverse
FNDA:4,(anonymous_18)
FNDA:29,(anonymous_19)
FNDA:3,unique
FNDA:1,(anonymous_21)
FNDA:1,(anonymous_22)
FNDA:2,(anonymous_23)
FNDA:1,(anonymous_24)
FNDA:0,(anonymous_25)
FNDA:0,(anonymous_26)
FNDA:16,concat
FNDA:15,(anonymous_28)
FNDA:21,(anonymous_29)
FNDA:4,difference
FNDA:15,(anonymous_31)
FNDA:40,(anonymous_32)
FNDA:3,intersection
FNDA:8,(anonymous_34)
FNDA:28,(anonymous_35)
FNDA:2,union
FNDA:3,(anonymous_37)
FNDA:12,(anonymous_38)
FNDA:3,(anonymous_39)
FNDA:12,(anonymous_40)
FNDA:6,(anonymous_41)
FNDA:7,(anonymous_42)
FNDA:5,(anonymous_43)
DA:3,1
DA:8,2
DA:12,105
DA:14,1
DA:16,1
DA:18,1
DA:20,1
DA:22,1
DA:25,1
DA:26,10
DA:27,10
DA:29,10
DA:30,10
DA:31,67
DA:33,10
DA:37,1
DA:38,1
DA:39,1
DA:43,1
DA:44,1
DA:45,17
DA:49,1
DA:50,1
DA:51,2
DA:55,1
DA:56,1
DA:59,1
DA:60,1
DA:61,1
DA:65,1
DA:66,1
DA:67,4
DA:71,1
DA:72,1
DA:73,1
DA:74,1
DA:75,1
DA:76,7
DA:78,1
DA:82,1
DA:83,1
DA:84,104
DA:86,104
DA:88,104
DA:90,104
DA:94,1
DA:95,1
DA:96,2
DA:100,1
DA:101,1
DA:102,1
DA:104,1
DA:106,1
DA:108,1
DA:112,1
DA:113,1
DA:116,1
DA:117,1
DA:118,1
DA:122,1
DA:123,1
DA:124,1
DA:128,1
DA:129,1
DA:130,2
DA:134,1
DA:135,1
DA:136,2
DA:140,1
DA:141,1
DA:142,4
DA:143,4
DA:144,29
DA:145,29
DA:146,18
DA:149,4
DA:153,1
DA:154,1
DA:155,3
DA:159,1
DA:160,1
DA:161,1
DA:165,1
DA:166,1
DA:167,1
DA:171,1
DA:172,1
DA:173,2
DA:174,9
DA:176,2
DA:180,1
DA:181,1
DA:182,1
DA:186,1
DA:187,1
DA:188,0
DA:189,0
DA:190,0
DA:191,0
DA:192,0
DA:193,0
DA:195,0
DA:199,1
DA:200,1
DA:201,0
DA:205,1
DA:206,1
DA:207,16
DA:211,1
DA:212,1
DA:213,15
DA:217,1
DA:218,1
DA:219,21
DA:223,1
DA:224,1
DA:225,4
DA:226,9
DA:229,4
DA:230,15
DA:231,40
DA:237,1
DA:238,1
DA:239,3
DA:240,8
DA:243,3
DA:244,8
DA:245,28
DA:251,1
DA:252,1
DA:253,2
DA:254,5
DA:257,2
DA:261,1
DA:262,1
DA:263,3
DA:264,12
DA:265,12
DA:266,12
DA:271,1
DA:272,1
DA:273,3
DA:274,12
DA:275,12
DA:276,12
DA:281,1
DA:282,1
DA:283,6
DA:287,1
DA:288,1
DA:289,7
DA:293,1
DA:294,1
DA:295,5
DA:299,1
DA:300,1
DA:304,1
DA:305,1
DA:307,1
DA:308,1
DA:309,1
LF:161
LH:153
BRDA:8,1,0,2
BRDA:8,1,1,0
BRDA:8,2,0,2
BRDA:8,2,1,2
BRDA:12,3,0,105
BRDA:12,3,1,0
BRDA:26,4,0,8
BRDA:26,4,1,2
BRDA:26,5,0,10
BRDA:26,5,1,2
BRDA:27,6,0,10
BRDA:27,6,1,0
BRDA:27,7,0,10
BRDA:27,7,1,0
BRDA:76,8,0,5
BRDA:76,8,1,2
BRDA:90,9,0,80
BRDA:90,9,1,24
BRDA:90,10,0,16
BRDA:90,10,1,64
BRDA:124,11,0,0
BRDA:124,11,1,1
BRDA:145,12,0,18
BRDA:145,12,1,11
BRDA:219,13,0,10
BRDA:219,13,1,11
BRDA:265,14,0,6
BRDA:265,14,1,6
BRDA:275,15,0,6
BRDA:275,15,1,6
BRDA:283,16,0,6
BRDA:283,16,1,6
BRDA:289,17,0,7
BRDA:289,17,1,5
BRF:34
BRH:31
end_of_record
